[2018.04.02-21.32.58:576][  0]Log file open, 04/02/18 16:32:58
[2018.04.02-21.32.58:576][  0]LogInit:Display: Running engine for game: MyFirstGit
[2018.04.02-21.32.58:576][  0]LogInit:Display: RandInit(-81507535) SRandInit(-81507534).
[2018.04.02-21.32.58:576][  0]LogTaskGraph: Started task graph with 4 named threads and 7 total threads.
[2018.04.02-21.32.58:576][  0]LogStats: Stats thread started
[2018.04.02-21.32.58:576][  0]LogInit: Version: 4.8.3-2634408+++depot+UE4-Releases+4.8
[2018.04.02-21.32.58:576][  0]LogInit: API Version: 2579680
[2018.04.02-21.32.58:576][  0]LogInit: Compiled (64-bit): Jul 27 2015 16:24:33
[2018.04.02-21.32.58:576][  0]LogInit: Compiled with Visual C++: 18.00.21005.01
[2018.04.02-21.32.58:576][  0]LogInit: Build Configuration: Development
[2018.04.02-21.32.58:576][  0]LogInit: Branch Name: ++depot+UE4-Releases+4.8
[2018.04.02-21.32.58:576][  0]LogInit: Command line:  
[2018.04.02-21.32.58:576][  0]LogInit: Base directory: C:/Program Files/Epic Games/UE_4.8/Engine/Binaries/Win64/
[2018.04.02-21.32.58:576][  0]LogInit: Rocket: 1
[2018.04.02-21.32.58:599][  0]LogInit: Using libcurl 7.41.0
[2018.04.02-21.32.58:599][  0]LogInit:  - built for x86_64-pc-win32
[2018.04.02-21.32.58:599][  0]LogInit:  - supports SSL with WinSSL
[2018.04.02-21.32.58:599][  0]LogInit:  - other features:
[2018.04.02-21.32.58:599][  0]LogInit:      CURL_VERSION_SSL
[2018.04.02-21.32.58:599][  0]LogInit:      CURL_VERSION_IPV6
[2018.04.02-21.32.58:599][  0]LogInit:      CURL_VERSION_ASYNCHDNS
[2018.04.02-21.32.58:599][  0]LogInit:      CURL_VERSION_LARGEFILE
[2018.04.02-21.32.58:599][  0]LogInit:      CURL_VERSION_IDN
[2018.04.02-21.32.58:599][  0]LogInit:  CurlRequestOptions (configurable via config and command line):
[2018.04.02-21.32.58:599][  0]LogInit:  - bVerifyPeer = true  - Libcurl will verify peer certificate
[2018.04.02-21.32.58:599][  0]LogInit:  - bUseHttpProxy = false  - Libcurl will NOT use HTTP proxy
[2018.04.02-21.32.58:599][  0]LogInit:  - bDontReuseConnections = false  - Libcurl will reuse connections
[2018.04.02-21.32.58:599][  0]LogInit:  - CertBundlePath = nullptr  - Libcurl will use whatever was configured at build time.
[2018.04.02-21.32.58:625][  0]LogOnline:Warning: No default platform service specified for OnlineSubsystem
[2018.04.02-21.32.58:647][  0]LogInit: Presizing for 0 objects not considered by GC, pre-allocating 0 bytes.
[2018.04.02-21.32.58:656][  0]LogInit: Object subsystem initialized
[2018.04.02-21.32.58:657][  0]LogConsoleResponse:Warning: Skipping Unknown console variable: 'TranslucentSortAxis = (X=0.000000,Y=-1.000000,Z=0.000000)'
[2018.04.02-21.32.58:657][  0]LogConsoleResponse:Warning:   Found in ini file 'C:/Users/DXWALLS/Documents/Unreal Projects/MyFirstGit/Saved/Config/Windows/Engine.ini', in section '[/Script/Engine.RendererSettings]'
[2018.04.02-21.32.58:657][  0]LogConsoleResponse:Warning: Skipping Unknown console variable: 'UIScaleRule = ShortestSide'
[2018.04.02-21.32.58:657][  0]LogConsoleResponse:Warning:   Found in ini file 'C:/Users/DXWALLS/Documents/Unreal Projects/MyFirstGit/Saved/Config/Windows/Engine.ini', in section '[/Script/Engine.RendererSettings]'
[2018.04.02-21.32.58:657][  0]LogConsoleResponse:Warning: Skipping Unknown console variable: 'UIScaleCurve = (EditorCurveData=(Keys=),ExternalCurve=None)'
[2018.04.02-21.32.58:657][  0]LogConsoleResponse:Warning:   Found in ini file 'C:/Users/DXWALLS/Documents/Unreal Projects/MyFirstGit/Saved/Config/Windows/Engine.ini', in section '[/Script/Engine.RendererSettings]'
[2018.04.02-21.32.58:658][  0]LogInit: Selected Device Profile: [Windows]
[2018.04.02-21.32.58:658][  0]LogInit: Applying CVar settings loaded from the selected device profile: [Windows]
[2018.04.02-21.32.58:665][  0]LogInit: Computer: DESKTOP-KQL1O1M
[2018.04.02-21.32.58:665][  0]LogInit: User: DXWALLS
[2018.04.02-21.32.58:665][  0]LogInit: CPU Page size=4096, Cores=4
[2018.04.02-21.32.58:666][  0]LogInit: High frequency timer resolution =2.531252 MHz
[2018.04.02-21.32.58:666][  0]LogMemory: Memory total: Physical=7.9GB (8GB approx)
[2018.04.02-21.32.58:666][  0]LogMemory: Platform Memory Stats for Windows
[2018.04.02-21.32.58:666][  0]LogMemory: Process Physical Memory: 50.77 MB used, 50.77 MB peak
[2018.04.02-21.32.58:666][  0]LogMemory: Process Virtual Memory: 22.61 MB used, 22.61 MB peak
[2018.04.02-21.32.58:666][  0]LogMemory: Physical Memory: 5105.07 MB used, 8090.55 MB total
[2018.04.02-21.32.58:666][  0]LogMemory: Virtual Memory: 353.30 MB used, 134217728.00 MB total
[2018.04.02-21.32.58:726][  0]LogTextLocalizationManager: The requested culture ('en_US') has no localization data; parent culture's ('en') localization data will be used.
[2018.04.02-21.32.58:972][  0]LogTextLocalizationManager:Warning: Loaded localization resources contain conflicting entries for (Namespace:ContentBrowser, Key:ImportAssetToolTip):
Localization Resource: (C:/Program Files/Epic Games/UE_4.8/Engine/Content/Localization/Editor/en/Editor.locres) Source String Hash: (-630476809) Localized String: (Import to {0}...)
Localization Resource: (C:/Program Files/Epic Games/UE_4.8/Engine/Content/Localization/Editor/en/Editor.locres) Source String Hash: (1271782899) Localized String: (Imports an asset from file to this folder.)
[2018.04.02-21.32.59:531][  0]LogD3D11RHI: Found D3D11 adapter 0: NVIDIA GeForce GTX 960M (Feature Level 11_0)
[2018.04.02-21.32.59:531][  0]LogD3D11RHI: Adapter has 4065MB of dedicated video memory, 0MB of dedicated system memory, and 4045MB of shared system memory, 1 output[s]
[2018.04.02-21.32.59:540][  0]LogD3D11RHI: Found D3D11 adapter 1: Intel(R) HD Graphics 530 (Feature Level 11_0)
[2018.04.02-21.32.59:540][  0]LogD3D11RHI: Adapter has 128MB of dedicated video memory, 0MB of dedicated system memory, and 4045MB of shared system memory, 0 output[s]
[2018.04.02-21.32.59:543][  0]LogD3D11RHI: Found D3D11 adapter 2: Microsoft Basic Render Driver (Feature Level 11_0)
[2018.04.02-21.32.59:543][  0]LogD3D11RHI: Adapter has 0MB of dedicated video memory, 0MB of dedicated system memory, and 4045MB of shared system memory, 0 output[s]
[2018.04.02-21.32.59:543][  0]LogD3D11RHI: Chosen D3D11 Adapter Id = 0
[2018.04.02-21.32.59:552][  0]LogD3D11RHI: InitD3DDevice
[2018.04.02-21.32.59:552][  0]LogD3D11RHI: !Direct3DDevice
[2018.04.02-21.32.59:552][  0]LogRHI: Texture pool is 1361 MB (70% of 1945 MB)
[2018.04.02-21.32.59:580][  0]LogD3D11RHI: Async texture creation enabled
[2018.04.02-21.32.59:607][  0]LogShaderCompilers:Display: Using Local Shader Compiler.
[2018.04.02-21.33.00:506][  0]LogTemp:Display: Loaded TP DesktopTargetPlatform
[2018.04.02-21.33.00:525][  0]LogTemp:Display: Loaded TP WindowsClientTargetPlatform
[2018.04.02-21.33.00:547][  0]LogTemp:Display: Loaded TP WindowsNoEditorTargetPlatform
[2018.04.02-21.33.00:570][  0]LogTemp:Display: Loaded TP WindowsServerTargetPlatform
[2018.04.02-21.33.00:591][  0]LogTemp:Display: Loaded TP WindowsTargetPlatform
[2018.04.02-21.33.00:612][  0]LogTemp:Display: Loaded TP AndroidTargetPlatform
[2018.04.02-21.33.00:634][  0]LogTemp:Display: Loaded TP Android_ASTCTargetPlatform
[2018.04.02-21.33.00:655][  0]LogTemp:Display: Loaded TP Android_ATCTargetPlatform
[2018.04.02-21.33.00:675][  0]LogTemp:Display: Loaded TP Android_DXTTargetPlatform
[2018.04.02-21.33.00:693][  0]LogTemp:Display: Loaded TP Android_ETC1TargetPlatform
[2018.04.02-21.33.00:713][  0]LogTemp:Display: Loaded TP Android_ETC2TargetPlatform
[2018.04.02-21.33.00:734][  0]LogTemp:Display: Loaded TP Android_PVRTCTargetPlatform
[2018.04.02-21.33.00:802][  0]LogTemp:Display: Loaded TP IOSTargetPlatform
[2018.04.02-21.33.00:822][  0]LogTemp:Display: Loaded TP LinuxNoEditorTargetPlatform
[2018.04.02-21.33.00:840][  0]LogTemp:Display: Loaded TP LinuxServerTargetPlatform
[2018.04.02-21.33.00:859][  0]LogTemp:Display: Loaded TP LinuxTargetPlatform
[2018.04.02-21.33.00:859][  0]LogTargetPlatformManager:Display: Building Assets For Windows
[2018.04.02-21.33.01:195][  0]LogDerivedDataCache:Display: Max Cache Size: 512 MB
[2018.04.02-21.33.01:280][  0]LogDerivedDataCache: Loaded boot cache 0.08s 53MB C:/Users/DXWALLS/AppData/Local/UnrealEngine/4.8/DerivedDataCache/Boot.ddc.
[2018.04.02-21.33.01:280][  0]LogDerivedDataCache:Display: Loaded Boot cache: C:/Users/DXWALLS/AppData/Local/UnrealEngine/4.8/DerivedDataCache/Boot.ddc
[2018.04.02-21.33.01:280][  0]LogDerivedDataCache: FDerivedDataBackendGraph:  Pak pak cache file ../../../../../../Users/DXWALLS/Documents/Unreal Projects/MyFirstGit/DerivedDataCache/DDC.ddp not found, will not use a pak cache.
[2018.04.02-21.33.01:280][  0]LogDerivedDataCache: Unable to find inner node Pak for hierarchical cache Hierarchy.
[2018.04.02-21.33.01:280][  0]LogDerivedDataCache: FDerivedDataBackendGraph:  CompressedPak pak cache file ../../../../../../Users/DXWALLS/Documents/Unreal Projects/MyFirstGit/DerivedDataCache/Compressed.ddp not found, will not use a pak cache.
[2018.04.02-21.33.01:280][  0]LogDerivedDataCache: Unable to find inner node CompressedPak for hierarchical cache Hierarchy.
[2018.04.02-21.33.01:442][  0]LogDerivedDataCache:Display: Pak cache opened for reading ../../../Engine/DerivedDataCache/Compressed.ddp.
[2018.04.02-21.33.01:454][  0]LogDerivedDataCache: Using Local data cache path C:/Users/DXWALLS/AppData/Local/UnrealEngine/Common/DerivedDataCache: Writable
[2018.04.02-21.33.01:703][  0]LogInit: Selected Device Profile: [Windows]
[2018.04.02-21.33.01:793][  0]ImportText (ComponentSweepMultiTests): Missing closing parenthesis: (RootShapeAsset="/Engine/BasicShapes/Cube.Cube",ShapeType="TriggerCapsule",HitResult=(Time=0.50,Location=(X=-100.000015,Y=0.0,Z=100.000015),ImpactPoint=(X=-50.0,Y=0.0,Z=50.0),Normal=(X=-1.0,Y=-0.0,Z=0.0),ImpactNormal=(X=0.0,Y=0.0,Z=1.0),TraceStart=(X=-200.0,Y=0.0,Z=200.0),TraceEnd=(X=0.0,Y=0.0,Z=0.0))
[2018.04.02-21.33.01:793][  0]ImportText (LineTraceSingleByChannelTests): Missing closing parenthesis: (RootShapeAsset="/Engine/BasicShapes/Cube.Cube",HitResult=(Time=0.50,Location=(X=-100.000015,Y=0.0,Z=100.000015),ImpactPoint=(X=-50.0,Y=0.0,Z=50.0),Normal=(X=-1.0,Y=-0.0,Z=0.0),ImpactNormal=(X=0.0,Y=0.0,Z=1.0),TraceStart=(X=-200.0,Y=0.0,Z=200.0),TraceEnd=(X=0.0,Y=0.0,Z=0.0))
[2018.04.02-21.33.01:834][  0]LogMeshUtilities: No automatic mesh reduction module available
[2018.04.02-21.33.01:834][  0]LogMeshUtilities: No automatic mesh merging module available
[2018.04.02-21.33.02:242][  0]LogInit: WinSock: version 1.1 (2.2), MaxSocks=32767, MaxUdp=65467
[2018.04.02-21.33.03:462][  0]UdpMessaging: Initializing bridge on interface 0.0.0.0:0 to multicast group 230.0.0.1:6666.
[2018.04.02-21.33.03:918][  0]SourceControl: Info Source control is disabled
[2018.04.02-21.33.03:920][  0]SourceControl: Info Source control is disabled
[2018.04.02-21.33.03:937][  0]SourceControl: Info Source control is disabled
[2018.04.02-21.33.03:955][  0]SourceControl: Info Source control is disabled
[2018.04.02-21.33.04:301][  0]LogObj: 26273 objects as part of root set at end of initial load.
[2018.04.02-21.33.04:301][  0]LogUObjectAllocator: 5409248 out of 0 bytes used by permanent object pool.
[2018.04.02-21.33.04:389][  0]LogEngine: Initializing Engine...
[2018.04.02-21.33.04:393][  0]LogHMD: Can't find Oculus library dev build: is proper Runtime installed? Version: 0.6.0.0
[2018.04.02-21.33.04:396][  0]LogHMD:Warning: SteamVR failed to initialize.  Error: 110
[2018.04.02-21.33.04:590][  0]LogAIModule: Creating AISystem for world NewWorld
[2018.04.02-21.33.04:596][  0]LogInit: XAudio2 using 'Speakers (Realtek High Definition Audio)' : 2 channels at 48 kHz using 32 bits per sample (channel mask 0x3)
[2018.04.02-21.33.04:785][  0]LogInit: FAudioDevice initialized.
[2018.04.02-21.33.04:829][  0]LogDerivedDataCache: Saved boot cache 0.04s 53MB C:/Users/DXWALLS/AppData/Local/UnrealEngine/4.8/DerivedDataCache/Boot.ddc.
[2018.04.02-21.33.04:839][  0]LogInit: Texture streaming: Disabled
[2018.04.02-21.33.04:877][  0]LogAnalytics: Creating configured Analytics provider AnalyticsET
[2018.04.02-21.33.04:877][  0]LogAnalytics: [UEEditor.Rocket.Release] APIServer = http://et2.epicgames.com/ET2/. AppVersion = 4.8.3-2634408+++depot+UE4-Releases+4.8
[20