[2018.04.02-21.28.15:951][  0]Log file open, 04/02/18 16:28:15
[2018.04.02-21.28.15:951][  0]LogInit:Display: Running engine for game: MyFirstGit
[2018.04.02-21.28.15:951][  0]LogInit:Display: RandInit(-796978756) SRandInit(-796978756).
[2018.04.02-21.28.15:951][  0]LogTaskGraph: Started task graph with 4 named threads and 7 total threads.
[2018.04.02-21.28.15:951][  0]LogStats: Stats thread started
[2018.04.02-21.28.15:951][  0]LogInit: Version: 4.8.3-2634408+++depot+UE4-Releases+4.8
[2018.04.02-21.28.15:951][  0]LogInit: API Version: 2579680
[2018.04.02-21.28.15:951][  0]LogInit: Compiled (64-bit): Jul 27 2015 16:24:33
[2018.04.02-21.28.15:951][  0]LogInit: Compiled with Visual C++: 18.00.21005.01
[2018.04.02-21.28.15:951][  0]LogInit: Build Configuration: Development
[2018.04.02-21.28.15:951][  0]LogInit: Branch Name: ++depot+UE4-Releases+4.8
[2018.04.02-21.28.15:951][  0]LogInit: Command line: -EpicPortal 
[2018.04.02-21.28.15:951][  0]LogInit: Base directory: C:/Program Files/Epic Games/UE_4.8/Engine/Binaries/Win64/
[2018.04.02-21.28.15:951][  0]LogInit: Rocket: 1
[2018.04.02-21.28.15:974][  0]LogInit: Using libcurl 7.41.0
[2018.04.02-21.28.15:974][  0]LogInit:  - built for x86_64-pc-win32
[2018.04.02-21.28.15:974][  0]LogInit:  - supports SSL with WinSSL
[2018.04.02-21.28.15:974][  0]LogInit:  - other features:
[2018.04.02-21.28.15:974][  0]LogInit:      CURL_VERSION_SSL
[2018.04.02-21.28.15:974][  0]LogInit:      CURL_VERSION_IPV6
[2018.04.02-21.28.15:974][  0]LogInit:      CURL_VERSION_ASYNCHDNS
[2018.04.02-21.28.15:974][  0]LogInit:      CURL_VERSION_LARGEFILE
[2018.04.02-21.28.15:974][  0]LogInit:      CURL_VERSION_IDN
[2018.04.02-21.28.15:974][  0]LogInit:  CurlRequestOptions (configurable via config and command line):
[2018.04.02-21.28.15:974][  0]LogInit:  - bVerifyPeer = true  - Libcurl will verify peer certificate
[2018.04.02-21.28.15:974][  0]LogInit:  - bUseHttpProxy = false  - Libcurl will NOT use HTTP proxy
[2018.04.02-21.28.15:974][  0]LogInit:  - bDontReuseConnections = false  - Libcurl will reuse connections
[2018.04.02-21.28.15:974][  0]LogInit:  - CertBundlePath = nullptr  - Libcurl will use whatever was configured at build time.
[2018.04.02-21.28.15:993][  0]LogOnline:Warning: No default platform service specified for OnlineSubsystem
[2018.04.02-21.28.16:017][  0]LogInit: Presizing for 0 objects not considered by GC, pre-allocating 0 bytes.
[2018.04.02-21.28.16:024][  0]LogInit: Object subsystem initialized
[2018.04.02-21.28.16:028][  0]LogInit: Selected Device Profile: [Windows]
[2018.04.02-21.28.16:028][  0]LogInit: Applying CVar settings loaded from the selected device profile: [Windows]
[2018.04.02-21.28.16:035][  0]LogInit: Computer: DESKTOP-KQL1O1M
[2018.04.02-21.28.16:035][  0]LogInit: User: DXWALLS
[2018.04.02-21.28.16:035][  0]LogInit: CPU Page size=4096, Cores=4
[2018.04.02-21.28.16:035][  0]LogInit: High frequency timer resolution =2.531252 MHz
[2018.04.02-21.28.16:035][  0]LogMemory: Memory total: Physical=7.9GB (8GB approx)
[2018.04.02-21.28.16:035][  0]LogMemory: Platform Memory Stats for Windows
[2018.04.02-21.28.16:035][  0]LogMemory: Process Physical Memory: 50.47 MB used, 50.47 MB peak
[2018.04.02-21.28.16:035][  0]LogMemory: Process Virtual Memory: 22.48 MB used, 22.60 MB peak
[2018.04.02-21.28.16:035][  0]LogMemory: Physical Memory: 4923.23 MB used, 8090.55 MB total
[2018.04.02-21.28.16:035][  0]LogMemory: Virtual Memory: 355.67 MB used, 134217728.00 MB total
[2018.04.02-21.28.16:080][  0]LogTextLocalizationManager: The requested culture ('en_US') has no localization data; parent culture's ('en') localization data will be used.
[2018.04.02-21.28.16:330][  0]LogTextLocalizationManager:Warning: Loaded localization resources contain conflicting entries for (Namespace:ContentBrowser, Key:ImportAssetToolTip):
Localization Resource: (C:/Program Files/Epic Games/UE_4.8/Engine/Content/Localization/Editor/en/Editor.locres) Source String Hash: (-630476809) Localized String: (Import to {0}...)
Localization Resource: (C:/Program Files/Epic Games/UE_4.8/Engine/Content/Localization/Editor/en/Editor.locres) Source String Hash: (1271782899) Localized String: (Imports an asset from file to this folder.)
[2018.04.02-21.28.17:053][  0]LogD3D11RHI: Found D3D11 adapter 0: NVIDIA GeForce GTX 960M (Feature Level 11_0)
[2018.04.02-21.28.17:053][  0]LogD3D11RHI: Adapter has 4065MB of dedicated video memory, 0MB of dedicated system memory, and 4045MB of shared system memory, 1 output[s]
[2018.04.02-21.28.17:062][  0]LogD3D11RHI: Found D3D11 adapter 1: Intel(R) HD Graphics 530 (Feature Level 11_0)
[2018.04.02-21.28.17:062][  0]LogD3D11RHI: Adapter has 128MB of dedicated video memory, 0MB of dedicated system memory, and 4045MB of shared system memory, 0 output[s]
[2018.04.02-21.28.17:064][  0]LogD3D11RHI: Found D3D11 adapter 2: Microsoft Basic Render Driver (Feature Level 11_0)
[2018.04.02-21.28.17:064][  0]LogD3D11RHI: Adapter has 0MB of dedicated video memory, 0MB of dedicated system memory, and 4045MB of shared system memory, 0 output[s]
[2018.04.02-21.28.17:064][  0]LogD3D11RHI: Chosen D3D11 Adapter Id = 0
[2018.04.02-21.28.17:076][  0]LogD3D11RHI: InitD3DDevice
[2018.04.02-21.28.17:076][  0]LogD3D11RHI: !Direct3DDevice
[2018.04.02-21.28.17:076][  0]LogRHI: Texture pool is 1361 MB (70% of 1945 MB)
[2018.04.02-21.28.17:106][  0]LogD3D11RHI: Async texture creation enabled
[2018.04.02-21.28.17:324][  0]LogShaderCompilers:Display: Using Local Shader Compiler.
[2018.04.02-21.28.18:488][  0]LogTemp:Display: Loaded TP DesktopTargetPlatform
[2018.04.02-21.28.18:511][  0]LogTemp:Display: Loaded TP WindowsClientTargetPlatform
[2018.04.02-21.28.18:532][  0]LogTemp:Display: Loaded TP WindowsNoEditorTargetPlatform
[2018.04.02-21.28.18:553][  0]LogTemp:Display: Loaded TP WindowsServerTargetPlatform
[2018.04.02-21.28.18:580][  0]LogTemp:Display: Loaded TP WindowsTargetPlatform
[2018.04.02-21.28.18:599][  0]LogTemp:Display: Loaded TP AndroidTargetPlatform
[2018.04.02-21.28.18:619][  0]LogTemp:Display: Loaded TP Android_ASTCTargetPlatform
[2018.04.02-21.28.18:642][  0]LogTemp:Display: Loaded TP Android_ATCTargetPlatform
[2018.04.02-21.28.18:661][  0]LogTemp:Display: Loaded TP Android_DXTTargetPlatform
[2018.04.02-21.28.18:680][  0]LogTemp:Display: Loaded TP Android_ETC1TargetPlatform
[2018.04.02-21.28.18:701][  0]LogTemp:Display: Loaded TP Android_ETC2TargetPlatform
[2018.04.02-21.28.18:722][  0]LogTemp:Display: Loaded TP Android_PVRTCTargetPlatform
[2018.04.02-21.28.18:790][  0]LogTemp:Display: Loaded TP IOSTargetPlatform
[2018.04.02-21.28.18:810][  0]LogTemp:Display: Loaded TP LinuxNoEditorTargetPlatform
[2018.04.02-21.28.18:828][  0]LogTemp:Display: Loaded TP LinuxServerTargetPlatform
[2018.04.02-21.28.18:848][  0]LogTemp:Display: Loaded TP LinuxTargetPlatform
[2018.04.02-21.28.18:848][  0]LogTargetPlatformManager:Display: Building Assets For Windows
[2018.04.02-21.28.19:196][  0]LogDerivedDataCache:Display: Max Cache Size: 512 MB
[2018.04.02-21.28.19:271][  0]LogDerivedDataCache: Loaded boot cache 0.08s 53MB C:/Users/DXWALLS/AppData/Local/UnrealEngine/4.8/DerivedDataCache/Boot.ddc.
[2018.04.02-21.28.19:271][  0]LogDerivedDataCache:Display: Loaded Boot cache: C:/Users/DXWALLS/AppData/Local/UnrealEngine/4.8/DerivedDataCache/Boot.ddc
[2018.04.02-21.28.19:271][  0]LogDerivedDataCache: FDerivedDataBackendGraph:  Pak pak cache file ../../../../../../Users/DXWALLS/Documents/Unreal Projects/MyFirstGit/DerivedDataCache/DDC.ddp not found, will not use a pak cache.
[2018.04.02-21.28.19:271][  0]LogDerivedDataCache: Unable to find inner node Pak for hierarchical cache Hierarchy.
[2018.04.02-21.28.19:274][  0]LogDerivedDataCache: FDerivedDataBackendGraph:  CompressedPak pak cache file ../../../../../../Users/DXWALLS/Documents/Unreal Projects/MyFirstGit/DerivedDataCache/Compressed.ddp not found, will not use a pak cache.
[2018.04.02-21.28.19:274][  0]LogDerivedDataCache: Unable to find inner node CompressedPak for hierarchical cache Hierarchy.
[2018.04.02-21.28.19:451][  0]LogDerivedDataCache:Display: Pak cache opened for reading ../../../Engine/DerivedDataCache/Compressed.ddp.
[2018.04.02-21.28.19:464][  0]LogDerivedDataCache: Using Local data cache path C:/Users/DXWALLS/AppData/Local/UnrealEngine/Common/DerivedDataCache: Writable
[2018.04.02-21.28.19:728][  0]LogInit: Selected Device Profile: [Windows]
[2018.04.02-21.28.19:822][  0]ImportText (ComponentSweepMultiTests): Missing closing parenthesis: (RootShapeAsset="/Engine/BasicShapes/Cube.Cube",ShapeType="TriggerCapsule",HitResult=(Time=0.50,Location=(X=-100.000015,Y=0.0,Z=100.000015),ImpactPoint=(X=-50.0,Y=0.0,Z=50.0),Normal=(X=-1.0,Y=-0.0,Z=0.0),ImpactNormal=(X=0.0,Y=0.0,Z=1.0),TraceStart=(X=-200.0,Y=0.0,Z=200.0),TraceEnd=(X=0.0,Y=0.0,Z=0.0))
[2018.04.02-21.28.19:822][  0]ImportText (LineTraceSingleByChannelTests): Missing closing parenthesis: (RootShapeAsset="/Engine/BasicShapes/Cube.Cube",HitResult=(Time=0.50,Location=(X=-100.000015,Y=0.0,Z=100.000015),ImpactPoint=(X=-50.0,Y=0.0,Z=50.0),Normal=(X=-1.0,Y=-0.0,Z=0.0),ImpactNormal=(X=0.0,Y=0.0,Z=1.0),TraceStart=(X=-200.0,Y=0.0,Z=200.0),TraceEnd=(X=0.0,Y=0.0,Z=0.0))
[2018.04.02-21.28.19:863][  0]LogMeshUtilities: No automatic mesh reduction module available
[2018.04.02-21.28.19:863][  0]LogMeshUtilities: No automatic mesh merging module available
[2018.04.02-21.28.20:282][  0]LogInit: WinSock: version 1.1 (2.2), MaxSocks=32767, MaxUdp=65467
[2018.04.02-21.28.21:552][  0]UdpMessaging: Initializing bridge on interface 0.0.0.0:0 to multicast group 230.0.0.1:6666.
[2018.04.02-21.28.21:982][  0]SourceControl: Info Source control is disabled
[2018.04.02-21.28.21:983][  0]SourceControl: Info Source control is disabled
[2018.04.02-21.28.21:999][  0]SourceControl: Info Source control is disabled
[2018.04.02-21.28.22:017][  0]SourceControl: Info Source control is disabled
[2018.04.02-21.28.22:339][  0]LogObj: 26273 objects as part of root set at end of initial load.
[2018.04.02-21.28.22:339][  0]LogUObjectAllocator: 5409248 out of 0 bytes used by permanent object pool.
[2018.04.02-21.28.22:423][  0]LogEngine: Initializing Engine...
[2018.04.02-21.28.22:427][  0]LogHMD: Can't find Oculus library dev build: is proper Runtime installed? Version: 0.6.0.0
[2018.04.02-21.28.22:428][  0]LogHMD:Warning: SteamVR failed to initialize.  Error: 110
[2018.04.02-21.28.22:603][  0]LogAIModule: Creating AISystem for world NewWorld
[2018.04.02-21.28.22:608][  0]LogInit: XAudio2 using 'Speakers (Realtek High Definition Audio)' : 2 channels at 48 kHz using 32 bits per sample (channel mask 0x3)
[2018.04.02-21.28.22:666][  0]LogInit: FAudioDevice initialized.
[2018.04.02-21.28.22:703][  0]LogDerivedDataCache: Saved boot cache 0.04s 53MB C:/Users/DXWALLS/AppData/Local/UnrealEngine/4.8/DerivedDataCache/Boot.ddc.
[2018.04.02-21.28.22:710][  0]LogInit: Texture streaming: Disabled
[2018.04.02-21.28.22:746][  0]LogAnalytics: Creating configured Analytics provider AnalyticsET
[2018.04.02-21.28.22:746][  0]LogAnalytics: [UEEditor.Rocket.Release] APIServer = http://et2.epicgames.com/ET2/. AppVersion = 4.8.3-2634408+++depot+UE4-Releases+4.8
[2018.04.02-21.28.22:746][  0]LogAnalytics: [UEEditor.Rocket.Release] SetUserId 2da5d5504d8940ac4cebbcadd2a376a2|863f3ffea5bf4bd19a225c8f6836c57a|30b6e8f3-2d2c-4766-ab05-86c33f320a5b
[2018.04.02-21.28.22:746][  0]LogAnalytics: [UEEditor.Rocket.Release] AnalyticsET::StartSession
[2018.04.02-21.28.22:801][  0]LogInit: Transaction tracking system initialized
[2018.04.02-21.28.23:029][  0]BlueprintLog: New page: Editor Load
[2018.04.02-21.28.23:090][  0]LogAssetRegistry: FAssetRegistry took 0.0108 seconds to start up
[2018.04.02-21.28.23:090][  0]LogDirectoryWatcher:Warning: Failed to begin reading directory changes for ../../../Engine/Plugins/Experimental/CharacterAI/Content/. Error: 0
[2018.04.02-21.28.25:465][  0]LogConsoleManager:Warning: Console variable 'r.VSync' wasn't set ('GameSetting' has a lower priority than 'SystemSettingsIni')
[2018.04.02-21.28.25:467][  0]LogConsoleResponse:Display: 
[2018.04.02-21.28.25:710][  0]LogCook:Display: Done creating registry. It took  0.00s.
[2018.04.02-21.28.25:990][  0]SourceControl: Info Source control is disabled
[2018.04.02-21.28.25:990][  0]Cmd: MAP LOAD FILE="../../../Engine/Content/Maps/Templates/Template_Default.umap" TEMPLATE=1 SHOWPROGRESS=1 FEATURELEVEL=3
[2018.04.02-21.28.25:991][  0]LightingResults: New page: Lighting Build
[2018.04.02-21.28.26:012][  0]MapCheck: New page: Map Check
[2018.04.02-21.28.26:012][  0]LightingResults: New page: Lighting Build
[2018.04.02-21.28.26:024][  0]LogParticles: Destroying 0 GPU particle simulations for FXSystem 0x000001A51AA7CB80
[2018.04.02-21.28.26:420][  0]LogAIModule: Creating AISystem for world Untitled_1
[2018.04.02-21.28.26:430][  0]LogEditorServer: Finished looking for orphan Actors (0.000 secs)
[2018.04.02-21.28.26:441][  0]Cmd: MAP CHECKDEP NOCLEARLOG
[2018.04.02-21.28.26:494][  0]MapCheck: Info Map check complete: 0 Error(s), 0 Warning(s), took 53.371ms to complete.
[2018.04.02-21.28.26:494][  0]LogFileHelpers: Loading map 'Template_Default' took 0.504
[2018.04.02-21.28.29:691][  0]LogCollectionManager: Loaded 0 collections in 0.002680 seconds
[2018.04.02-21.28.29:715][  0]LogContentBrowser: Native class hierarchy populated in 0.0232 seconds. Added 1792 classes and 301 folders.
[2018.04.02-21.28.31:146][  0]LogContentBrowser: Native class hierarchy updated for 'WidgetCarousel' in 0.0005 seconds. Added 0 classes and 0 folders.
[2018.04.02-21.28.33:270][  0]LogContentBrowser: Native class hierarchy updated for 'AddContentDialog' in 0.0005 seconds. Added 0 classes and 0 folders.
[2018.04.02-21.28.33:667][  0]LogContentBrowser: Native class hierarchy updated for 'SceneOutliner' in 0.0006 seconds. Added 1 classes and 2 folders.
[2018.04.02-21.28.35:864][  0]LogCrashTracker: Crashtracker disabled due to settings.
[2018.04.02-21.28.36:267][  0]LogD3D11RHI: InitD3DDevice
[2018.04.02-21.28.36:321][  0]LogUObjectGlobals:Warning: Failed to find object 'Class None.'
[2018.04.02-21.28.36:588][  0]LogLoad: Full Startup: 22.23 seconds (BP compile: 0.11 seconds)
[2018.04.02-21.28.36:597][  0]LogWindowsTextInputMethodSystem:Display: IME system now deactivated.
[2018.04.02-21.28.37:766][  0]LogContentStreaming: Texture pool size is 0.000000MB
[2018.04.02-21.28.37:796][  0]LogContentStreaming: Texture pool size now 1000 MB
[2018.04.02-21.28.39:992][  0]LogRenderer: Reallocating scene render targets to support 968x440 (Frame:2).
[2018.04.02-21.28.46:259][626]LogAssetRegistry: Asset discovery search completed in 23.1798 seconds
[2018.04.02-21.29.06:784][ 45]LogD3D11RHI: InitD3DDevice
[2018.04.02-21.29.08:716][274]LogD3D11RHI: InitD3DDevice
[2018.04.02-21.29.11:615][613]LogD3D11RHI: InitD3DDevice
[2018.04.02-21.29.13:586][834]LogD3D11RHI: InitD3DDevice
[2018.04.02-21.29.33:488][124]SourceControl: Info Source control is disabled
[2018.04.02-21.29.39:493][818]LogWindowsTextInputMethodSystem:Display: IME system now deactivated.
[2018.04.02-21.29.39:910][819]Cmd: QUIT_EDITOR
[2018.04.02-21.29.40:161][819]LogExit: Preparing to exit.
[2018.04.02-21.29.40:699][819]LogExit: Editor shut down
[2018.04.02-21.29.40:699][819]LogExit: Transaction tracking system shut down
[2018.04.02-21.29.40:700][819]LogParticles: Destroying 0 GPU particle simulations for FXSystem 0x000001A50F0CF060
[2018.04.02-21.29.40:700][819]LogParticles: Destroying 0 GPU particle simulations for FXSystem 0x000001A512B627A0
[2018.04.02-21.29.40:817][819]LogExit: Object subsystem successfully closed.
[2018.04.02-21.29.40:839][819]LogD3D11RHI: Shutdown
[2018.04.02-21.29.40:839][819]LogD3D11RHI: CleanupD3DDevice
[2018.04.02-21.29.40:891][819]LogD3D11RHI: ~FD3D11DynamicRHI
[2018.04.02-21.29.40:921][819]LogModuleManager: Shutting down and abandoning module CrashTracker (188)
[2018.04.02-21.29.40:921][819]LogModuleManager: Shutting down and abandoning module SceneOutliner (187)
[2018.04.02-21.29.40:921][819]LogModuleManager: Shutting down and abandoning module SuperSearch (186)
[2018.04.02-21.29.40:921][819]LogModuleManager: Shutting down and abandoning module WidgetCarousel (185)
[2018.04.02-21.29.40:921][819]LogModuleManager: Shutting down and abandoning module AddContentDialog (184)
[2018.04.02-21.29.40:932][819]LogModuleManager: Shutting down and abandoning module EditorWidgets (183)
[2018.04.02-21.29.40:932][819]LogModuleManager: Shutting down and abandoning module CollectionManager (182)
[2018.04.02-21.29.40:944][819]LogModuleManager: Shutting down and abandoning module StatsViewer (181)
[2018.04.02-21.29.40:944][819]LogModuleManager: Shutting down and abandoning module FoliageEdit (180)
[2018.04.02-21.29.40:944][819]LogModuleManager: Shutting down and abandoning module LandscapeEditor (179)
[2018.04.02-21.29.40:944][819]LogModuleManager: Shutting down and abandoning module ActorPickerMode (178)
[2018.04.02-21.29.40:944][819]LogModuleManager: Shutting down and abandoning module GeometryMode (177)
[2018.04.02-21.29.40:944][819]LogModuleManager: Shutting down and abandoning module TextureAlignMode (176)
[2018.04.02-21.29.40:944][819]LogModuleManager: Shutting down and abandoning module BspMode (175)
[2018.04.02-21.29.40:944][819]LogModuleManager: Shutting down and abandoning module PlacementMode (174)
[2018.04.02-21.29.40:944][819]LogModuleManager: Shutting down and abandoning module AutomationWorker (173)
[2018.04.02-21.29.40:944][819]LogModuleManager: Shutting down and abandoning module CharacterAI (172)
[2018.04.02-21.29.40:944][819]LogModuleManager: Shutting down and abandoning module SmartSnapping (171)
[2018.04.02-21.29.40:944][819]LogModuleManager: Shutting down and abandoning module ViewportSnapping (170)
[2018.04.02-21.29.40:944][819]LogModuleManager: Shutting down and abandoning module LogVisualizer (169)
[2018.04.02-21.29.40:945][819]LogModuleManager: Shutting down and abandoning module GameProjectGeneration (168)
[2018.04.02-21.29.40:945][819]LogModuleManager: Shutting down and abandoning module IntroTutorials (167)
[2018.04.02-21.29.40:945][819]LogModuleManager: Shutting down and abandoning module EditorLiveStreaming (166)
[2018.04.02-21.29.40:945][819]LogModuleManager: Shutting down and abandoning module IOSPlatformEditor (165)
[2018.04.02-21.29.40:945][819]LogModuleManager: Shutting down and abandoning module HTML5PlatformEditor (164)
[2018.04.02-21.29.40:945][819]LogModuleManager: Shutting down and abandoning module AndroidDeviceDetection (163)
[2018.04.02-21.29.41:205][819]LogModuleManager: Shutting down and abandoning module AndroidPlatformEditor (162)
[2018.04.02-21.29.41:205][819]LogModuleManager: Shutting down and abandoning module IOSRuntimeSettings (161)
[2018.04.02-21.29.41:205][819]LogModuleManager: Shutting down and abandoning module AndroidRuntimeSettings (160)
[2018.04.02-21.29.41:205][819]LogModuleManager: Shutting down and abandoning module MergeActors (159)
[2018.04.02-21.29.41:205][819]LogModuleManager: Shutting down and abandoning module SizeMap (158)
[2018.04.02-21.29.41:205][819]LogModuleManager: Shutting down and abandoning module TreeMap (157)
[2018.04.02-21.29.41:205][819]LogModuleManager: Shutting down and abandoning module ReferenceViewer (156)
[2018.04.02-21.29.41:205][819]LogModuleManager: Shutting down and abandoning module LocalizationDashboard (155)
[2018.04.02-21.29.41:205][819]LogModuleManager: Shutting down and abandoning module HardwareTargeting (154)
[2018.04.02-21.29.41:205][819]LogModuleManager: Shutting down and abandoning module DeviceProfileEditor (153)
[2018.04.02-21.29.41:205][819]LogModuleManager: Shutting down and abandoning module UndoHistory (152)
[2018.04.02-21.29.41:205][819]LogModuleManager: Shutting down and abandoning module GameplayTagsEditor (151)
[2018.04.02-21.29.41:205][819]LogModuleManager: Shutting down and abandoning module UserFeedback (150)
[2018.04.02-21.29.41:205][819]LogModuleManager: Shutting down and abandoning module XmlParser (149)
[2018.04.02-21.29.41:205][819]LogModuleManager: Shutting down and abandoning module Blutility (148)
[2018.04.02-21.29.41:205][819]LogModuleManager: Shutting down and abandoning module ProjectTargetPlatformEditor (147)
[2018.04.02-21.29.41:205][819]LogModuleManager: Shutting down and abandoning module ProjectSettingsViewer (146)
[2018.04.02-21.29.41:205][819]LogModuleManager: Shutting down and abandoning module InputBindingEditor (145)
[2018.04.02-21.29.41:205][819]LogModuleManager: Shutting down and abandoning module EditorSettingsViewer (144)
[2018.04.02-21.29.41:205][819]LogModuleManager: Shutting down and abandoning module SettingsEditor (143)
[2018.04.02-21.29.41:205][819]LogModuleManager: Shutting down and abandoning module ProjectLauncher (142)
[2018.04.02-21.29.41:205][819]LogModuleManager: Shutting down and abandoning module SessionFrontend (141)
[2018.04.02-21.29.41:205][819]LogModuleManager: Shutting down and abandoning module ProfilerClient (140)
[2018.04.02-21.29.41:205][819]LogModuleManager: Shutting down and abandoning module TargetDeviceServices (139)
[2018.04.02-21.29.41:206][819]LogModuleManager: Shutting down and abandoning module DeviceManager (138)
[2018.04.02-21.29.41:206][819]LogModuleManager: Shutting down and abandoning module AutomationController (137)
[2018.04.02-21.29.41:206][819]LogModuleManager: Shutting down and abandoning module AutomationWindow (136)
[2018.04.02-21.29.41:206][819]LogModuleManager: Shutting down and abandoning module Layers (135)
[2018.04.02-21.29.41:206][819]LogModuleManager: Shutting down and abandoning module ComponentVisualizers (134)
[2018.04.02-21.29.41:206][819]LogModuleManager: Shutting down and abandoning module DetailCustomizations (133)
[2018.04.02-21.29.41:206][819]LogModuleManager: Shutting down and abandoning module PackagesDialog (132)
[2018.04.02-21.29.41:206][819]LogModuleManager: Shutting down and abandoning module AssetRegistry (131)
[2018.04.02-21.29.41:318][819]LogModuleManager: Shutting down and abandoning module Persona (130)
[2018.04.02-21.29.41:318][819]LogModuleManager: Shutting down and abandoning module Kismet (129)
[2018.04.02-21.29.41:318][819]LogModuleManager: Shutting down and abandoning module GraphEditor (128)
[2018.04.02-21.29.41:319][819]LogModuleManager: Shutting down and abandoning module ClassViewer (127)
[2018.04.02-21.29.41:319][819]LogModuleManager: Shutting down and abandoning module Toolbox (126)
[2018.04.02-21.29.41:319][819]LogModuleManager: Shutting down and abandoning module ModuleUI (125)
[2018.04.02-21.29.41:319][819]LogModuleManager: Shutting down and abandoning module MovieSceneTools (124)
[2018.04.02-21.29.41:319][819]LogModuleManager: Shutting down and abandoning module OutputLog (123)
[2018.04.02-21.29.41:319][819]LogModuleManager: Shutting down and abandoning module GammaUI (122)
[2018.04.02-21.29.41:319][819]LogModuleManager: Shutting down and abandoning module Documentation (121)
[2018.04.02-21.29.41:319][819]LogModuleManager: Shutting down and abandoning module GameLiveStreaming (120)
[2018.04.02-21.29.41:319][819]LogModuleManager: Shutting down and abandoning module StreamingPauseRendering (119)
[2018.04.02-21.29.41:319][819]LogModuleManager: Shutting down and abandoning module AnalyticsET (118)
[2018.04.02-21.29.41:319][819]LogModuleManager: Shutting down and abandoning module Analytics (117)
[2018.04.02-21.29.41:319][819]LogModuleManager: Shutting down and abandoning module AITestSuite (116)
[2018.04.02-21.29.41:319][819]LogModuleManager: Shutting down and abandoning module GameplayDebugger (115)
[2018.04.02-21.29.41:319][819]LogModuleManager: Shutting down and abandoning module AIModule (114)
[2018.04.02-21.29.41:319][819]LogModuleManager: Shutting down and abandoning module ProfilerService (113)
[2018.04.02-21.29.41:480][819]LogModuleManager: Shutting down and abandoning module TaskGraph (112)
[2018.04.02-21.29.41:480][819]LogModuleManager: Shutting down and abandoning module SlateRemote (111)
[2018.04.02-21.29.41:480][819]LogModuleManager: Shutting down and abandoning module SteamVRController (110)
[2018.04.02-21.29.41:480][819]LogModuleManager: Shutting down and abandoning module SteamVR (109)
[2018.04.02-21.29.41:480][819]LogModuleManager: Shutting down and abandoning module ProceduralMeshComponent (108)
[2018.04.02-21.29.41:480][819]LogModuleManager: Shutting down and abandoning module OculusRift (107)
[2018.04.02-21.29.41:480][819]LogModuleManager: Shutting down and abandoning module LeapMotionController (106)
[2018.04.02-21.29.41:525][819]LogModuleManager: Shutting down and abandoning module CustomMeshComponent (105)
[2018.04.02-21.29.41:525][819]LogModuleManager: Shutting down and abandoning module CableComponent (104)
[2018.04.02-21.29.41:525][819]LogModuleManager: Shutting down and abandoning module MessagingDebugger (103)
[2018.04.02-21.29.41:525][819]LogModuleManager: Shutting down and abandoning module MediaPlayerEditor (102)
[2018.04.02-21.29.41:525][819]LogModuleManager: Shutting down and abandoning module SpeedTreeImporter (101)
[2018.04.02-21.29.41:525][819]LogModuleManager: Shutting down and abandoning module PluginBrowser (100)
[2018.04.02-21.29.41:525][819]LogModuleManager: Shutting down and abandoning module EpicSurvey (99)
[2018.04.02-21.29.41:525][819]LogModuleManager: Shutting down and abandoning module DesktopPlatform (98)
[2018.04.02-21.29.41:525][819]LogModuleManager: Shutting down and abandoning module VisualStudioSourceCodeAccess (97)
[2018.04.02-21.29.41:525][819]LogModuleManager: Shutting down and abandoning module UObjectPlugin (96)
[2018.04.02-21.29.41:525][819]LogModuleManager: Shutting down and abandoning module SubversionSourceControl (95)
[2018.04.02-21.29.41:525][819]LogModuleManager: Shutting down and abandoning module PerforceSourceControl (94)
[2018.04.02-21.29.41:525][819]LogModuleManager: Shutting down and abandoning module SourceControl (93)
[2018.04.02-21.29.41:525][819]LogModuleManager: Shutting down and abandoning module GitSourceControl (92)
[2018.04.02-21.29.41:525][819]LogModuleManager: Shutting down and abandoning module BlankPlugin (91)
[2018.04.02-21.29.41:525][819]LogModuleManager: Shutting down and abandoning module PaperTiledImporter (90)
[2018.04.02-21.29.41:525][819]LogModuleManager: Shutting down and abandoning module PaperSpriteSheetImporter (89)
[2018.04.02-21.29.41:525][819]LogModuleManager: Shutting down and abandoning module MeshPaint (88)
[2018.04.02-21.29.41:525][819]LogModuleManager: Shutting down and abandoning module SlateReflector (87)
[2018.04.02-21.29.41:525][819]LogModuleManager: Shutting down and abandoning module DirectoryWatcher (86)
[2018.04.02-21.29.41:526][819]LogModuleManager: Shutting down and abandoning module HotReload (85)
[2018.04.02-21.29.41:526][819]LogModuleManager: Shutting down and abandoning module MainFrame (84)
[2018.04.02-21.29.41:526][819]LogModuleManager: Shutting down and abandoning module LevelEditor (83)
[2018.04.02-21.29.41:526][819]LogModuleManager: Shutting down and abandoning module ContentBrowser (82)
[2018.04.02-21.29.41:527][819]LogModuleManager: Shutting down and abandoning module Paper2DEditor (81)
[2018.04.02-21.29.41:527][819]LogModuleManager: Shutting down and abandoning module UdpMessaging (80)
[2018.04.02-21.29.41:629][819]LogModuleManager: Shutting down and abandoning module Paper2D (79)
[2018.04.02-21.29.41:629][819]LogModuleManager: Shutting down and abandoning module WindowsMoviePlayer (78)
[2018.04.02-21.29.41:631][819]LogModuleManager: Shutting down and abandoning module Media (77)
[2018.04.02-21.29.41:631][819]LogModuleManager: Shutting down and abandoning module WmfMedia (76)
[2018.04.02-21.29.41:632][819]LogModuleManager: Shutting down and abandoning module OnlineBlueprintSupport (75)
[2018.04.02-21.29.41:632][819]LogModuleManager: Shutting down and abandoning module PropertyEditor (74)
[2018.04.02-21.29.41:632][819]LogModuleManager: Shutting down and abandoning module BehaviorTreeEditor (73)
[2018.04.02-21.29.41:632][819]LogModuleManager: Shutting down and abandoning module FunctionalTesting (72)
[2018.04.02-21.29.41:632][819]LogModuleManager: Shutting down and abandoning module CollisionAnalyzer (71)
[2018.04.02-21.29.41:632][819]LogModuleManager: Shutting down and abandoning module WorkspaceMenuStructure (70)
[2018.04.02-21.29.41:632][819]LogModuleManager: Shutting down and abandoning module MessageLog (69)
[2018.04.02-21.29.41:632][819]LogModuleManager: Shutting down and abandoning module Sequencer (68)
[2018.04.02-21.29.41:632][819]LogModuleManager: Shutting down and abandoning module AssetTools (67)
[2018.04.02-21.29.41:632][819]LogModuleManager: Shutting down and abandoning module UMGEditor (66)
[2018.04.02-21.29.41:632][819]LogModuleManager: Shutting down and abandoning module UMG (65)
[2018.04.02-21.29.41:632][819]LogModuleManager: Shutting down and abandoning module Slate (64)
[2018.04.02-21.29.41:632][819]LogModuleManager: Shutting down and abandoning module EditorStyle (63)
[2018.04.02-21.29.41:636][819]LogModuleManager: Shutting down and abandoning module SessionServices (62)
[2018.04.02-21.29.41:636][819]LogModuleManager: Shutting down and abandoning module SourceCodeAccess (61)
[2018.04.02-21.29.41:636][819]LogModuleManager: Shutting down and abandoning module HeadMountedDisplay (60)
[2018.04.02-21.29.41:636][819]LogModuleManager: Shutting down and abandoning module XAudio2 (59)
[2018.04.02-21.29.41:636][819]LogModuleManager: Shutting down and abandoning module Networking (57)
[2018.04.02-21.29.41:636][819]LogModuleManager: Shutting down and abandoning module Core (56)
[2018.04.02-21.29.41:636][819]LogModuleManager: Shutting down and abandoning module KismetCompiler (55)
[2018.04.02-21.29.41:636][819]LogModuleManager: Shutting down and abandoning module PhysXFormats (54)
[2018.04.02-21.29.41:636][819]LogModuleManager: Shutting down and abandoning module MeshUtilities (53)
[2018.04.02-21.29.41:636][819]LogModuleManager: Shutting down and abandoning module DerivedDataCache (52)
[2018.04.02-21.29.42:050][819]LogDerivedDataCache: Shutdown
[2018.04.02-21.29.42:050][819]LogModuleManager: Shutting down and abandoning module ShaderFormatOpenGL (51)
[2018.04.02-21.29.42:050][819]LogModuleManager: Shutting down and abandoning module ShaderFormatD3D (50)
[2018.04.02-21.29.42:050][819]LogModuleManager: Shutting down and abandoning module MetalShaderFormat (49)
[2018.04.02-21.29.42:050][819]LogModuleManager: Shutting down and abandoning module TextureFormatUncompressed (48)
[2018.04.02-21.29.42:050][819]LogModuleManager: Shutting down and abandoning module TextureFormatPVR (47)
[2018.04.02-21.29.42:050][819]LogModuleManager: Shutting down and abandoning module TextureFormatIntelISPCTexComp (46)
[2018.04.02-21.29.42:050][819]LogModuleManager: Shutting down and abandoning module TextureFormatDXT (45)
[2018.04.02-21.29.42:050][819]LogModuleManager: Shutting down and abandoning module ImageWrapper (44)
[2018.04.02-21.29.42:050][819]LogModuleManager: Shutting down and abandoning module TextureFormatASTC (43)
[2018.04.02-21.29.42:050][819]LogModuleManager: Shutting down and abandoning module TextureFormatAndroid (42)
[2018.04.02-21.29.42:050][819]LogModuleManager: Shutting down and abandoning module AudioFormatOpus (41)
[2018.04.02-21.29.42:050][819]LogModuleManager: Shutting down and abandoning module AudioFormatOgg (40)
[2018.04.02-21.29.42:050][819]LogModuleManager: Shutting down and abandoning module AudioFormatADPCM (39)
[2018.04.02-21.29.42:050][819]LogModuleManager: Shutting down and abandoning module LinuxTargetPlatform (38)
[2018.04.02-21.29.42:050][819]LogModuleManager: Shutting down and abandoning module LinuxServerTargetPlatform (37)
[2018.04.02-21.29.42:050][819]LogModuleManager: Shutting down and abandoning module LinuxNoEditorTargetPlatform (36)
[2018.04.02-21.29.42:050][819]LogModuleManager: Shutting down and abandoning module Messaging (35)
[2018.04.02-21.29.42:050][819]LogModuleManager: Shutting down and abandoning module IOSTargetPlatform (34)
[2018.04.02-21.29.42:050][819]LogModuleManager: Shutting down and abandoning module HTML5TargetPlatform (33)
[2018.04.02-21.29.42:050][819]LogModuleManager: Shutting down and abandoning module Android_PVRTCTargetPlatform (32)
[2018.04.02-21.29.42:050][819]LogModuleManager: Shutting down and abandoning module Android_ETC2TargetPlatform (31)
[2018.04.02-21.29.42:050][819]LogModuleManager: Shutting down and abandoning module Android_ETC1TargetPlatform (30)
[2018.04.02-21.29.42:050][819]LogModuleManager: Shutting down and abandoning module Android_DXTTargetPlatform (29)
[2018.04.02-21.29.42:050][819]LogModuleManager: Shutting down and abandoning module Android_ATCTargetPlatform (28)
[2018.04.02-21.29.42:050][819]LogModuleManager: Shutting down and abandoning module Android_ASTCTargetPlatform (27)
[2018.04.02-21.29.42:050][819]LogModuleManager: Shutting down and abandoning module AndroidTargetPlatform (26)
[2018.04.02-21.29.42:050][819]LogModuleManager: Shutting down and abandoning module WindowsTargetPlatform (25)
[2018.04.02-21.29.42:050][819]LogModuleManager: Shutting down and abandoning module WindowsServerTargetPlatform (24)
[2018.04.02-21.29.42:051][819]LogModuleManager: Shutting down and abandoning module WindowsNoEditorTargetPlatform (23)
[2018.04.02-21.29.42:051][819]LogModuleManager: Shutting down and abandoning module WindowsClientTargetPlatform (22)
[2018.04.02-21.29.42:051][819]LogModuleManager: Shutting down and abandoning module DesktopTargetPlatform (21)
[2018.04.02-21.29.42:051][819]LogModuleManager: Shutting down and abandoning module TargetPlatform (20)
[2018.04.02-21.29.42:051][819]LogModuleManager: Shutting down and abandoning module InputCore (19)
[2018.04.02-21.29.42:051][819]LogModuleManager: Shutting down and abandoning module Settings (18)
[2018.04.02-21.29.42:051][819]LogModuleManager: Shutting down and abandoning module OnlineSubsystem (16)
[2018.04.02-21.29.42:051][819]LogModuleManager: Shutting down and abandoning module HTTP (15)
[2018.04.02-21.29.42:051][819]LogModuleManager: Shutting down and abandoning module ExampleDeviceProfileSelector (14)
[2018.04.02-21.29.42:051][819]LogModuleManager: Shutting down and abandoning module TextureCompressor (13)
[2018.04.02-21.29.42:051][819]LogModuleManager: Shutting down and abandoning module ShaderCore (12)
[2018.04.02-21.29.42:051][819]LogModuleManager: Shutting down and abandoning module Landscape (11)
[2018.04.02-21.29.42:051][819]LogModuleManager: Shutting down and abandoning module SlateRHIRenderer (10)
[2018.04.02-21.29.42:052][819]LogModuleManager: Shutting down and abandoning module OpenGLDrv (9)
[2018.04.02-21.29.42:052][819]LogModuleManager: Shutting down and abandoning module D3D11RHI (8)
[2018.04.02-21.29.42:052][819]LogModuleManager: Shutting down and abandoning module Renderer (7)
[2018.04.02-21.29.42:052][819]LogModuleManager: Shutting down and abandoning module Engine (6)
[2018.04.02-21.29.42:052][819]LogModuleManager: Shutting down and abandoning module CoreUObject (5)
[2018.04.02-21.29.42:052][819]LogModuleManager: Shutting down and abandoning module NetworkFile (4)
[2018.04.02-21.29.42:052][819]LogModuleManager: Shutting down and abandoning module StreamingFile (3)
[2018.04.02-21.29.42:052][819]LogModuleManager: Shutting down and abandoning module SandboxFile (2)
[2018.04.02-21.29.42:052][819]LogModuleManager: Shutting down and abandoning module PakFile (1)
[2018.04.02-21.29.42:053][819]LogExit: Exiting.
[2018.04.02-21.29.42:063][819]Log file closed, 04/02/18 16:29:42
